<testsuites>
	<testsuite id="1" tests="1" failures="1" package="/Users/testinium/Desktop/transferMoneyTestinium/specs/LoginScenariosPage/login.spec" time="18.770" timestamp="2025-02-02T21:11:56" name="Specification Heading" errors="0" hostname="testinium-MacBook-Air.local">
		<properties></properties>
		<testcase classname="Specification Heading" name="Scenario Heading" time="18.770">
			<failure message="&#34;loginButton&#34; elementine tıkla&#xA;Concept Execution Failure: &#39;org.openqa.selenium.NoSuchElementException: Unable to find element with locator By.xpath: //div[@class=&#39;css-175oi2rr-1i6wzkkr-lrvibrr-1loqt21r-1otgn73r-1awozwyr-169ebfhr-z2wwper-h3s6ttr-1777fcir-tsynxwr-13qz1uu&#39;]&#xA;For documentation on this error, please visit: https://www.selenium.dev/documentation/webdriver/troubleshooting/errors#no-such-element-exception&#xA;Build info: version: &#39;4.28.1&#39;, revision: &#39;73f5ad48a2&#39;&#xA;System info: os.name: &#39;Mac OS X&#39;, os.arch: &#39;aarch64&#39;, os.version: &#39;14.2.1&#39;, java.version: &#39;11.0.24&#39;&#xA;Driver info: driver.version: RemoteWebDriver&#39;" type="&#34;loginButton&#34; elementine tıkla&#xA;Concept Execution Failure: &#39;org.openqa.selenium.NoSuchElementException: Unable to find element with locator By.xpath: //div[@class=&#39;css-175oi2rr-1i6wzkkr-lrvibrr-1loqt21r-1otgn73r-1awozwyr-169ebfhr-z2wwper-h3s6ttr-1777fcir-tsynxwr-13qz1uu&#39;]&#xA;For documentation on this error, please visit: https://www.selenium.dev/documentation/webdriver/troubleshooting/errors#no-such-element-exception&#xA;Build info: version: &#39;4.28.1&#39;, revision: &#39;73f5ad48a2&#39;&#xA;System info: os.name: &#39;Mac OS X&#39;, os.arch: &#39;aarch64&#39;, os.version: &#39;14.2.1&#39;, java.version: &#39;11.0.24&#39;&#xA;Driver info: driver.version: RemoteWebDriver&#39;">org.openqa.selenium.NoSuchElementException: Unable to find element with locator By.xpath: //div[@class=&#39;css-175oi2rr-1i6wzkkr-lrvibrr-1loqt21r-1otgn73r-1awozwyr-169ebfhr-z2wwper-h3s6ttr-1777fcir-tsynxwr-13qz1uu&#39;]&#xA;For documentation on this error, please visit: https://www.selenium.dev/documentation/webdriver/troubleshooting/errors#no-such-element-exception&#xA;Build info: version: &#39;4.28.1&#39;, revision: &#39;73f5ad48a2&#39;&#xA;System info: os.name: &#39;Mac OS X&#39;, os.arch: &#39;aarch64&#39;, os.version: &#39;14.2.1&#39;, java.version: &#39;11.0.24&#39;&#xA;Driver info: driver.version: RemoteWebDriver&#xA;&#x9;at org.openqa.selenium.remote.ElementLocation$ElementFinder$2.findElement(ElementLocation.java:168)&#xA;&#x9;at org.openqa.selenium.remote.ElementLocation.findElement(ElementLocation.java:59)&#xA;&#x9;at org.openqa.selenium.remote.RemoteWebDriver.findElement(RemoteWebDriver.java:368)&#xA;&#x9;at org.openqa.selenium.remote.RemoteWebDriver.findElement(RemoteWebDriver.java:362)&#xA;&#x9;at com.testinium.step.BaseStepsTest.findElement(BaseStepsTest.java:112)&#xA;&#x9;at com.testinium.step.BaseStepsTest.clickElement(BaseStepsTest.java:35)&#xA;&#x9;at java.base/jdk.internal.reflect.NativeMethodAccessorImpl.invoke0(Native Method)&#xA;&#x9;at java.base/jdk.internal.reflect.NativeMethodAccessorImpl.invoke(NativeMethodAccessorImpl.java:62)&#xA;&#x9;at java.base/jdk.internal.reflect.DelegatingMethodAccessorImpl.invoke(DelegatingMethodAccessorImpl.java:43)&#xA;&#x9;at java.base/java.lang.reflect.Method.invoke(Method.java:566)&#xA;&#x9;at com.thoughtworks.gauge.execution.MethodExecutor.execute(MethodExecutor.java:30)&#xA;&#x9;at com.thoughtworks.gauge.execution.StepExecutionStage.executeStepMethod(StepExecutionStage.java:66)&#xA;&#x9;at com.thoughtworks.gauge.execution.StepExecutionStage.executeStep(StepExecutionStage.java:59)&#xA;&#x9;at com.thoughtworks.gauge.execution.StepExecutionStage.execute(StepExecutionStage.java:41)&#xA;&#x9;at com.thoughtworks.gauge.execution.AbstractExecutionStage.executeNext(AbstractExecutionStage.java:14)&#xA;&#x9;at com.thoughtworks.gauge.execution.HookExecutionStage.execute(HookExecutionStage.java:33)&#xA;&#x9;at com.thoughtworks.gauge.execution.ExecutionPipeline.start(ExecutionPipeline.java:19)&#xA;&#x9;at com.thoughtworks.gauge.processor.ExecuteStepProcessor.process(ExecuteStepProcessor.java:44)&#xA;&#x9;at com.thoughtworks.gauge.RunnerServiceHandler.lambda$executeStep$7(RunnerServiceHandler.java:166)&#xA;&#x9;at java.base/java.util.concurrent.ThreadPoolExecutor.runWorker(ThreadPoolExecutor.java:1128)&#xA;&#x9;at java.base/java.util.concurrent.ThreadPoolExecutor$Worker.run(ThreadPoolExecutor.java:628)&#xA;&#x9;at java.base/java.lang.Thread.run(Thread.java:834)&#xA;</failure>
		</testcase>
		<system-out></system-out>
		<system-err></system-err>
	</testsuite>
</testsuites>